0 info it worked if it ends with ok
1 verbose cli [ 'E:\\Program Files\\nodejs\\node.exe',
1 verbose cli   'E:\\Program Files\\nodejs\\node_modules\\npm\\bin\\npm-cli.js',
1 verbose cli   'run',
1 verbose cli   'dev' ]
2 info using npm@2.14.20
3 info using node@v4.4.0
4 verbose stack Error: missing script: dev
4 verbose stack     at run (E:\Program Files\nodejs\node_modules\npm\lib\run-script.js:142:19)
4 verbose stack     at E:\Program Files\nodejs\node_modules\npm\lib\run-script.js:58:5
4 verbose stack     at E:\Program Files\nodejs\node_modules\npm\node_modules\read-package-json\read-json.js:345:5
4 verbose stack     at checkBinReferences_ (E:\Program Files\nodejs\node_modules\npm\node_modules\read-package-json\read-json.js:309:45)
4 verbose stack     at final (E:\Program Files\nodejs\node_modules\npm\node_modules\read-package-json\read-json.js:343:3)
4 verbose stack     at then (E:\Program Files\nodejs\node_modules\npm\node_modules\read-package-json\read-json.js:113:5)
4 verbose stack     at ReadFileContext.<anonymous> (E:\Program Files\nodejs\node_modules\npm\node_modules\read-package-json\read-json.js:284:20)
4 verbose stack     at ReadFileContext.callback (E:\Program Files\nodejs\node_modules\npm\node_modules\graceful-fs\graceful-fs.js:78:16)
4 verbose stack     at FSReqWrap.readFileAfterOpen [as oncomplete] (fs.js:303:13)
5 verbose cwd C:\IO\rabin-chess\Nowy folder\rabin-chess
6 error Windows_NT 6.1.7601
7 error argv "E:\\Program Files\\nodejs\\node.exe" "E:\\Program Files\\nodejs\\node_modules\\npm\\bin\\npm-cli.js" "run" "dev"
8 error node v4.4.0
9 error npm  v2.14.20
10 error missing script: dev
11 error If you need help, you may report this error at:
11 error     <https://github.com/npm/npm/issues>
12 verbose exit [ 1, true ]
